#
# There is insufficient memory for the Java Runtime Environment to continue.
# Native memory allocation (mmap) failed to map 232783872 bytes for G1 virtual space
# Possible reasons:
#   The system is out of physical RAM or swap space
#   The process is running with CompressedOops enabled, and the Java Heap may be blocking the growth of the native heap
# Possible solutions:
#   Reduce memory load on the system
#   Increase physical memory or swap space
#   Check if swap backing store is full
#   Decrease Java heap size (-Xmx/-Xms)
#   Decrease number of Java threads
#   Decrease Java thread stack sizes (-Xss)
#   Set larger code cache with -XX:ReservedCodeCacheSize=
#   JVM is running with Zero Based Compressed Oops mode in which the Java heap is
#     placed in the first 32GB address space. The Java Heap base address is the
#     maximum limit for the native heap growth. Please use -XX:HeapBaseMinAddress
#     to set the Java Heap base and to place the Java Heap above 32GB virtual address.
# This output file may be truncated or incomplete.
#
#  Out of Memory Error (os_windows.cpp:3769), pid=13948, tid=10884
#
# JRE version:  (17.0.6+10) (build )
# Java VM: OpenJDK 64-Bit Server VM (17.0.6+10-b829.5, mixed mode, sharing, tiered, compressed oops, compressed class ptrs, g1 gc, windows-amd64)
# No core dump will be written. Minidumps are not enabled by default on client versions of Windows
#

---------------  S U M M A R Y ------------

Command Line: -Dfile.encoding=utf-8 C:\Users\anhao\AppData\Local\Huawei\Sdk\openharmony\9\toolchains\lib\app_packing_tool.jar --mode hap --force true --lib-path C:\Users\anhao\DevEcoStudioProjects\netease_cloud_music\entry\build\default\intermediates\libs\default --json-path C:\Users\anhao\DevEcoStudioProjects\netease_cloud_music\entry\build\default\intermediates\res\default\module.json --resources-path C:\Users\anhao\DevEcoStudioProjects\netease_cloud_music\entry\build\default\intermediates\res\default\resources --index-path C:\Users\anhao\DevEcoStudioProjects\netease_cloud_music\entry\build\default\intermediates\res\default\resources.index --pack-info-path C:\Users\anhao\DevEcoStudioProjects\netease_cloud_music\entry\build\default\outputs\default\pack.info --out-path C:\Users\anhao\DevEcoStudioProjects\netease_cloud_music\entry\build\default\outputs\default\entry-default-unsigned.hap --ets-path C:\Users\anhao\DevEcoStudioProjects\netease_cloud_music\entry\build\default\intermediates\loader_out\default\ets

Host: AMD Ryzen 5 4600U with Radeon Graphics         , 12 cores, 13G,  Windows 11 , 64 bit Build 22621 (10.0.22621.3374)
Time: Mon Apr 22 21:05:17 2024  Windows 11 , 64 bit Build 22621 (10.0.22621.3374) elapsed time: 0.019664 seconds (0d 0h 0m 0s)

---------------  T H R E A D  ---------------

Current thread (0x0000020078ed2f60):  JavaThread "Unknown thread" [_thread_in_vm, id=10884, stack(0x00000096ae200000,0x00000096ae300000)]

Stack: [0x00000096ae200000,0x00000096ae300000]
Native frames: (J=compiled Java code, j=interpreted, Vv=VM code, C=native code)
V  [jvm.dll+0x683b4a]
V  [jvm.dll+0x842654]
V  [jvm.dll+0x843dfe]
V  [jvm.dll+0x844463]
V  [jvm.dll+0x249b75]
V  [jvm.dll+0x680a19]
V  [jvm.dll+0x674f0a]
V  [jvm.dll+0x309acb]
V  [jvm.dll+0x310f86]
V  [jvm.dll+0x3608ee]
V  [jvm.dll+0x360b1f]
V  [jvm.dll+0x2dfbf8]
V  [jvm.dll+0x2e0b64]
V  [jvm.dll+0x813f41]
V  [jvm.dll+0x36e6a1]
V  [jvm.dll+0x7f347c]
V  [jvm.dll+0x3f0e8f]
V  [jvm.dll+0x3f29d1]
C  [jli.dll+0x526b]
C  [ucrtbase.dll+0x29333]
C  [KERNEL32.DLL+0x1257d]
C  [ntdll.dll+0x5aa48]


---------------  P R O C E S S  ---------------

Threads class SMR info:
_java_thread_list=0x00007ff821a7c058, length=0, elements={
}

Java Threads: ( => current thread )

Other Threads:
  0x0000020078f35240 GCTaskThread "GC Thread#0" [stack: 0x00000096ae300000,0x00000096ae400000] [id=5764]
  0x0000020078f43e20 ConcurrentGCThread "G1 Main Marker" [stack: 0x00000096ae400000,0x00000096ae500000] [id=2076]
  0x0000020078f446d0 ConcurrentGCThread "G1 Conc#0" [stack: 0x00000096ae500000,0x00000096ae600000] [id=13556]

[error occurred during error reporting (printing all threads), id 0xc0000005, EXCEPTION_ACCESS_VIOLATION (0xc0000005) at pc=0x00007ff821230797]

VM state: not at safepoint (not fully initialized)

VM Mutex/Monitor currently owned by a thread:  ([mutex/lock_event])
[0x0000020078ecd7d0] Heap_lock - owner thread: 0x0000020078ed2f60

Heap address: 0x0000000722000000, size: 3552 MB, Compressed Oops mode: Zero based, Oop shift amount: 3

CDS archive(s) mapped at: [0x0000000000000000-0x0000000000000000-0x0000000000000000), size 0, SharedBaseAddress: 0x0000000800000000, ArchiveRelocationMode: 0.
Narrow klass base: 0x0000000000000000, Narrow klass shift: 0, Narrow klass range: 0x0

GC Precious Log:
<Empty>

Heap:
 garbage-first heap   total 0K, used 0K [0x0000000722000000, 0x0000000800000000)
  region size 2048K, 0 young (0K), 0 survivors (0K)

[error occurred during error reporting (printing heap information), id 0xc0000005, EXCEPTION_ACCESS_VIOLATION (0xc0000005) at pc=0x00007ff82161d939]

GC Heap History (0 events):
No events

Dll operation events (1 events):
Event: 0.013 Loaded shared library C:\Program Files\Huawei\DevEco Studio\jbr\bin\java.dll

Deoptimization events (0 events):
No events

Classes unloaded (0 events):
No events

Classes redefined (0 events):
No events

Internal exceptions (0 events):
No events

VM Operations (0 events):
No events

Events (0 events):
No events


Dynamic libraries:
0x00007ff6bec00000 - 0x00007ff6bec0a000 	C:\Program Files\Huawei\DevEco Studio\jbr\bin\java.exe
0x00007ff85abd0000 - 0x00007ff85ade6000 	C:\Windows\SYSTEM32\ntdll.dll
0x00007ff859c20000 - 0x00007ff859ce4000 	C:\Windows\System32\KERNEL32.DLL
0x00007ff8581f0000 - 0x00007ff858597000 	C:\Windows\System32\KERNELBASE.dll
0x00007ff858650000 - 0x00007ff858761000 	C:\Windows\System32\ucrtbase.dll
0x00007ff852140000 - 0x00007ff852157000 	C:\Program Files\Huawei\DevEco Studio\jbr\bin\jli.dll
0x00007ff859e50000 - 0x00007ff859ffe000 	C:\Windows\System32\USER32.dll
0x00007ff84ec70000 - 0x00007ff84ec8b000 	C:\Program Files\Huawei\DevEco Studio\jbr\bin\VCRUNTIME140.dll
0x00007ff8585a0000 - 0x00007ff8585c6000 	C:\Windows\System32\win32u.dll
0x00007ff859530000 - 0x00007ff859559000 	C:\Windows\System32\GDI32.dll
0x00007ff840d00000 - 0x00007ff840f93000 	C:\Windows\WinSxS\amd64_microsoft.windows.common-controls_6595b64144ccf1df_6.0.22621.3235_none_270f74e173860f98\COMCTL32.dll
0x00007ff8580d0000 - 0x00007ff8581e9000 	C:\Windows\System32\gdi32full.dll
0x00007ff858860000 - 0x00007ff8588fa000 	C:\Windows\System32\msvcp_win.dll
0x00007ff859660000 - 0x00007ff859707000 	C:\Windows\System32\msvcrt.dll
0x00007ff859620000 - 0x00007ff859651000 	C:\Windows\System32\IMM32.DLL
0x00007ff851670000 - 0x00007ff85167c000 	C:\Program Files\Huawei\DevEco Studio\jbr\bin\vcruntime140_1.dll
0x00007ff845050000 - 0x00007ff8450dd000 	C:\Program Files\Huawei\DevEco Studio\jbr\bin\msvcp140.dll
0x00007ff820f40000 - 0x00007ff821bad000 	C:\Program Files\Huawei\DevEco Studio\jbr\bin\server\jvm.dll
0x00007ff859560000 - 0x00007ff859612000 	C:\Windows\System32\ADVAPI32.dll
0x00007ff859730000 - 0x00007ff8597d8000 	C:\Windows\System32\sechost.dll
0x00007ff858770000 - 0x00007ff858798000 	C:\Windows\System32\bcrypt.dll
0x00007ff85aa70000 - 0x00007ff85ab85000 	C:\Windows\System32\RPCRT4.dll
0x00007ff855800000 - 0x00007ff855834000 	C:\Windows\SYSTEM32\WINMM.dll
0x00007ff839740000 - 0x00007ff839749000 	C:\Windows\SYSTEM32\WSOCK32.dll
0x00007ff85a980000 - 0x00007ff85a9f1000 	C:\Windows\System32\WS2_32.dll
0x00007ff850b80000 - 0x00007ff850b8a000 	C:\Windows\SYSTEM32\VERSION.dll
0x00007ff856f30000 - 0x00007ff856f48000 	C:\Windows\SYSTEM32\kernel.appcore.dll
0x00007ff854b80000 - 0x00007ff854b8a000 	C:\Program Files\Huawei\DevEco Studio\jbr\bin\jimage.dll
0x00007ff855550000 - 0x00007ff855783000 	C:\Windows\SYSTEM32\DBGHELP.DLL
0x00007ff8591a0000 - 0x00007ff859528000 	C:\Windows\System32\combase.dll
0x00007ff858b50000 - 0x00007ff858c27000 	C:\Windows\System32\OLEAUT32.dll
0x00007ff8557c0000 - 0x00007ff8557f2000 	C:\Windows\SYSTEM32\dbgcore.DLL
0x00007ff8585d0000 - 0x00007ff858649000 	C:\Windows\System32\bcryptPrimitives.dll
0x00007ff854b50000 - 0x00007ff854b75000 	C:\Program Files\Huawei\DevEco Studio\jbr\bin\java.dll

dbghelp: loaded successfully - version: 4.0.5 - missing functions: none
symbol engine: initialized successfully - sym options: 0x614 - pdb path: .;C:\Program Files\Huawei\DevEco Studio\jbr\bin;C:\Windows\SYSTEM32;C:\Windows\WinSxS\amd64_microsoft.windows.common-controls_6595b64144ccf1df_6.0.22621.3235_none_270f74e173860f98;C:\Program Files\Huawei\DevEco Studio\jbr\bin\server

VM Arguments:
jvm_args: -Dfile.encoding=utf-8 
java_command: C:\Users\anhao\AppData\Local\Huawei\Sdk\openharmony\9\toolchains\lib\app_packing_tool.jar --mode hap --force true --lib-path C:\Users\anhao\DevEcoStudioProjects\netease_cloud_music\entry\build\default\intermediates\libs\default --json-path C:\Users\anhao\DevEcoStudioProjects\netease_cloud_music\entry\build\default\intermediates\res\default\module.json --resources-path C:\Users\anhao\DevEcoStudioProjects\netease_cloud_music\entry\build\default\intermediates\res\default\resources --index-path C:\Users\anhao\DevEcoStudioProjects\netease_cloud_music\entry\build\default\intermediates\res\default\resources.index --pack-info-path C:\Users\anhao\DevEcoStudioProjects\netease_cloud_music\entry\build\default\outputs\default\pack.info --out-path C:\Users\anhao\DevEcoStudioProjects\netease_cloud_music\entry\build\default\outputs\default\entry-default-unsigned.hap --ets-path C:\Users\anhao\DevEcoStudioProjects\netease_cloud_music\entry\build\default\intermediates\loader_out\default\ets
java_class_path (initial): C:\Users\anhao\AppData\Local\Huawei\Sdk\openharmony\9\toolchains\lib\app_packing_tool.jar
Launcher Type: SUN_STANDARD

[Global flags]
     intx CICompilerCount                          = 4                                         {product} {ergonomic}
     uint ConcGCThreads                            = 3                                         {product} {ergonomic}
     uint G1ConcRefinementThreads                  = 10                                        {product} {ergonomic}
   size_t G1HeapRegionSize                         = 2097152                                   {product} {ergonomic}
    uintx GCDrainStackTargetSize                   = 64                                        {product} {ergonomic}
   size_t InitialHeapSize                          = 232783872                                 {product} {ergonomic}
   size_t MarkStackSize                            = 4194304                                   {product} {ergonomic}
   size_t MaxHeapSize                              = 3724541952                                {product} {ergonomic}
   size_t MinHeapDeltaBytes                        = 2097152                                   {product} {ergonomic}
   size_t MinHeapSize                              = 8388608                                   {product} {ergonomic}
    uintx NonNMethodCodeHeapSize                   = 5839372                                {pd product} {ergonomic}
    uintx NonProfiledCodeHeapSize                  = 122909434                              {pd product} {ergonomic}
    uintx ProfiledCodeHeapSize                     = 122909434                              {pd product} {ergonomic}
    uintx ReservedCodeCacheSize                    = 251658240                              {pd product} {ergonomic}
     bool SegmentedCodeCache                       = true                                      {product} {ergonomic}
   size_t SoftMaxHeapSize                          = 3724541952                             {manageable} {ergonomic}
     bool UseCompressedClassPointers               = true                           {product lp64_product} {ergonomic}
     bool UseCompressedOops                        = true                           {product lp64_product} {ergonomic}
     bool UseG1GC                                  = true                                      {product} {ergonomic}
     bool UseLargePagesIndividualAllocation        = false                                  {pd product} {ergonomic}

Logging:
Log output configuration:
 #0: stdout all=warning uptime,level,tags
 #1: stderr all=off uptime,level,tags

Environment Variables:
JAVA_HOME=C:\Program Files\Huawei\DevEco Studio\jbr
PATH=C:\Program Files\Huawei\DevEco Studio\jbr\bin;C:/Users/anhao/nodejs;C:\Windows\system32;C:\Windows;C:\Windows\System32\Wbem;C:\Windows\System32\WindowsPowerShell\v1.0\;C:\Windows\System32\OpenSSH\;C:\Program Files\Git\cmd;C:\Users\anhao\AppData\Local\Microsoft\WindowsApps;;C:\Users\anhao\AppData\Local\Programs\Microsoft VS Code\bin;C:\Program Files\Huawei\DevEco Studio\bin;;C:\Users\anhao\nodejs;C:\Program Files\Huawei\DevEco Studio\jbr\bin;C:\Windows\system32;C:\Windows;C:\Windows\System32\Wbem;C:\Windows\System32\WindowsPowerShell\v1.0\;C:\Windows\System32\OpenSSH\;C:\Program Files\Git\cmd;C:\Users\anhao\AppData\Local\Microsoft\WindowsApps;;C:\Users\anhao\AppData\Local\Programs\Microsoft VS Code\bin;C:\Program Files\Huawei\DevEco Studio\bin;
USERNAME=anhao
OS=Windows_NT
PROCESSOR_IDENTIFIER=AMD64 Family 23 Model 96 Stepping 1, AuthenticAMD
TMP=C:\Users\anhao\AppData\Local\Temp
TEMP=C:\Users\anhao\AppData\Local\Temp



---------------  S Y S T E M  ---------------

OS:
 Windows 11 , 64 bit Build 22621 (10.0.22621.3374)
OS uptime: 1 days 5:51 hours
Hyper-V role detected

CPU: total 12 (initial active 12) (12 cores per cpu, 2 threads per core) family 23 model 96 stepping 1 microcode 0x0, cx8, cmov, fxsr, ht, mmx, 3dnowpref, sse, sse2, sse3, ssse3, sse4a, sse4.1, sse4.2, popcnt, lzcnt, tsc, tscinvbit, avx, avx2, aes, clmul, bmi1, bmi2, adx, sha, fma, vzeroupper, clflush, clflushopt, hv

Memory: 4k page, system-wide physical 14206M (2979M free)
TotalPageFile size 26919M (AvailPageFile size 82M)
current process WorkingSet (physical memory assigned to process): 11M, peak: 11M
current process commit charge ("private bytes"): 64M, peak: 286M

vm_info: OpenJDK 64-Bit Server VM (17.0.6+10-b829.5) for windows-amd64 JRE (17.0.6+10-b829.5), built on 2023-02-24 by "builduser" with MS VC++ 16.10 / 16.11 (VS2019)

END.
